<?xml version="1.0" encoding="UTF-8"?>
<!-- Generated by org.testng.reporters.JUnitReportReporter -->
<testsuite hostname="P7520" failures="0" tests="3" name="tests.LoginPageTest" time="117.312" errors="0" timestamp="2023-02-14T17:22:01 IST" skipped="0">
  <testcase classname="tests.LoginPageTest" name="verifyInvalidLogin" time="41.673"/>
  <system-out/>
  <testcase classname="tests.LoginPageTest" name="verifyInvalidLogin" time="32.402"/>
  <system-out/>
  <testcase classname="tests.LoginPageTest" name="verifyInvalidLogin" time="43.237"/>
  <system-out/>
</testsuite> <!-- tests.LoginPageTest -->
